<?xml version="1.0" encoding="UTF-8"?>
<!-- Generated by org.testng.reporters.JUnitXMLReporter -->
<testsuite hostname="INLN50946832A" ignored="0" name="temp-test-java" tests="5" failures="3" timestamp="26 Jul 2020 16:41:14 GMT" time="41.852" errors="0">
  <testcase name="navigateToGitHub" time="1.253" classname="com.temp_test.tests.TempTest">
    <failure type="java.lang.AssertionError" message="expected [GitHub] but found [The world’s leading software development platform · GitHub]">
      <![CDATA[java.lang.AssertionError: expected [GitHub] but found [The world’s leading software development platform · GitHub]
at com.temp_test.tests.TempTest.navigateToGitHub(TempTest.java:55)
... Removed 31 stack frames]]>
    </failure>
  </testcase> <!-- navigateToGitHub -->
  <testcase name="navigateToGoogle" time="1.569" classname="com.temp_test.tests.TempTest"/>
  <testcase name="navigateToHotstar" time="1.024" classname="com.temp_test.tests.TempTest">
    <failure type="java.lang.AssertionError" message="expected [Disney+ Hotstar - Watch TV Shows, Movies, Live Cricket Matches &amp;amp; News Online] but found [Disney+ Hotstar - Watch TV Shows, Movies, Live Cricket Matches &amp;amp; News Online]">
      <![CDATA[java.lang.AssertionError: expected [Disney+ Hotstar - Watch TV Shows, Movies, Live Cricket Matches & News Online] but found [Disney+ Hotstar - Watch TV Shows, Movies, Live Cricket Matches & News Online]
at com.temp_test.tests.TempTest.navigateToHotstar(TempTest.java:82)
... Removed 31 stack frames]]>
    </failure>
  </testcase> <!-- navigateToHotstar -->
  <testcase name="navigateToMaven" time="3.363" classname="com.temp_test.tests.TempTest"/>
  <testcase name="navigateToYoutube" time="5.752" classname="com.temp_test.tests.TempTest">
    <failure type="java.lang.AssertionError" message="expected [(988) YouTube] but found [YouTube]">
      <![CDATA[java.lang.AssertionError: expected [(988) YouTube] but found [YouTube]
at com.temp_test.tests.TempTest.navigateToYoutube(TempTest.java:64)
... Removed 31 stack frames]]>
    </failure>
  </testcase> <!-- navigateToYoutube -->
</testsuite> <!-- temp-test-java -->
